Variables d'environnement P4:
P4_EMAIL_1: OK
P4_EMAIL_2: OK
P4_EMAIL_3: OK
Serveur TrouveTonPadel démarré sur le port 3000
API disponible sur http://localhost:3000/api/status
GET /api/status
POST /api/search
Recherche de créneaux pour le 2025-06-13 entre 7h et 23h
Position: 43.688482372928576, 5.029259753991785, Rayon: 20 km
Recherche de créneaux pour le 2025-06-13 entre 7h et 23h
Position: 43.688482372928576, 5.029259753991785, Rayon: 20 km
5 clubs trouvés dans un rayon de 20 km
Lancement des recherches en parallèle pour 5 clubs...
Recherche de créneaux pour The Monkey Padel...
[CACHE MonkeyPadel] 📊 État actuel: 0 entrées en cache
Utilisation des cookies en cache pour MonkeyPadel (expire le 11/26/2025, 7:38:21 AM)
Recherche de créneaux pour Le Complexe Padel...
Initialisation du module ComplexePadel...
[CACHE ComplexePadel] 🔍 Initialisation du cache en mémoire
Recherche de créneaux pour P4 Padel Indoor...
Recherche de créneaux pour P4 Padel Indoor à la date 2025-06-13...
Récupération des créneaux pour 2025-06-13 autour de 7...
Plage horaire: 8h à 15h
[CACHE] 📊 État actuel: 0 entrées en cache
Vérification de 15 créneaux horaires:
08:00, 08:30, 09:00, 09:30, 10:00, 10:30, 11:00, 11:30, 12:00, 12:30, 13:00, 13:30, 14:00, 14:30, 15:00
Vérification de l'expiration des cookies pour account1...
account1: Date d'expiration: 2025-12-16T09:05:23.374Z (12/16/2025, 10:05:23 AM)
account1: Date actuelle: 2025-06-13T01:46:03.684Z (6/13/2025, 3:46:03 AM)
account1: Seuil de rafraîchissement: 2025-06-16T01:46:03.684Z (6/16/2025, 3:46:03 AM)
account1: Cookies valides, expirent dans 187 jours
Vérification de l'expiration des cookies pour account2...
account2: Date d'expiration: 2025-12-16T09:05:50.650Z (12/16/2025, 10:05:50 AM)
account2: Date actuelle: 2025-06-13T01:46:03.685Z (6/13/2025, 3:46:03 AM)
account2: Seuil de rafraîchissement: 2025-06-16T01:46:03.685Z (6/16/2025, 3:46:03 AM)
account2: Cookies valides, expirent dans 187 jours
Vérification de l'expiration des cookies pour account3...
account3: Date d'expiration: 2025-12-16T09:06:23.017Z (12/16/2025, 10:06:23 AM)
account3: Date actuelle: 2025-06-13T01:46:03.685Z (6/13/2025, 3:46:03 AM)
account3: Seuil de rafraîchissement: 2025-06-16T01:46:03.685Z (6/16/2025, 3:46:03 AM)
account3: Cookies valides, expirent dans 187 jours
[DEBUG] Utilisation du compte account1 (1/3)
[DEBUG] Requête POST:
URL: https://p4-padel-indoor.gestion-sports.com/membre/reservation.html
Données: ajax=loadCourtDispo&hour=08:00&date=13/06/2025&idSport=1057
En-têtes: {"User-Agent":"Mozilla/5.0 (Macintosh; Intel Mac OS X 10.15; rv:138.0) Gecko/20100101 Firefox/138.0"...
Compte utilisé: account1
Vérification de l'expiration des cookies pour account1...
account1: Date d'expiration: 2025-12-16T09:05:23.374Z (12/16/2025, 10:05:23 AM)
account1: Date actuelle: 2025-06-13T01:46:03.707Z (6/13/2025, 3:46:03 AM)
account1: Seuil de rafraîchissement: 2025-06-16T01:46:03.707Z (6/16/2025, 3:46:03 AM)
account1: Cookies valides, expirent dans 187 jours
Vérification de l'expiration des cookies pour account2...
account2: Date d'expiration: 2025-12-16T09:05:50.650Z (12/16/2025, 10:05:50 AM)
account2: Date actuelle: 2025-06-13T01:46:03.707Z (6/13/2025, 3:46:03 AM)
account2: Seuil de rafraîchissement: 2025-06-16T01:46:03.707Z (6/16/2025, 3:46:03 AM)
account2: Cookies valides, expirent dans 187 jours
Vérification de l'expiration des cookies pour account3...
account3: Date d'expiration: 2025-12-16T09:06:23.017Z (12/16/2025, 10:06:23 AM)
account3: Date actuelle: 2025-06-13T01:46:03.707Z (6/13/2025, 3:46:03 AM)
account3: Seuil de rafraîchissement: 2025-06-16T01:46:03.707Z (6/16/2025, 3:46:03 AM)
account3: Cookies valides, expirent dans 187 jours
[DEBUG] Utilisation du compte account2 (2/3)
[DEBUG] Requête POST:
URL: https://p4-padel-indoor.gestion-sports.com/membre/reservation.html
Données: ajax=loadCourtDispo&hour=08:30&date=13/06/2025&idSport=1057
En-têtes: {"User-Agent":"Mozilla/5.0 (Macintosh; Intel Mac OS X 10.15; rv:138.0) Gecko/20100101 Firefox/138.0"...
Compte utilisé: account2
Vérification de l'expiration des cookies pour account1...
account1: Date d'expiration: 2025-12-16T09:05:23.374Z (12/16/2025, 10:05:23 AM)
account1: Date actuelle: 2025-06-13T01:46:03.708Z (6/13/2025, 3:46:03 AM)
account1: Seuil de rafraîchissement: 2025-06-16T01:46:03.708Z (6/16/2025, 3:46:03 AM)
account1: Cookies valides, expirent dans 187 jours
Vérification de l'expiration des cookies pour account2...
account2: Date d'expiration: 2025-12-16T09:05:50.650Z (12/16/2025, 10:05:50 AM)
account2: Date actuelle: 2025-06-13T01:46:03.708Z (6/13/2025, 3:46:03 AM)
account2: Seuil de rafraîchissement: 2025-06-16T01:46:03.708Z (6/16/2025, 3:46:03 AM)
account2: Cookies valides, expirent dans 187 jours
Vérification de l'expiration des cookies pour account3...
account3: Date d'expiration: 2025-12-16T09:06:23.017Z (12/16/2025, 10:06:23 AM)
account3: Date actuelle: 2025-06-13T01:46:03.708Z (6/13/2025, 3:46:03 AM)
account3: Seuil de rafraîchissement: 2025-06-16T01:46:03.708Z (6/16/2025, 3:46:03 AM)
account3: Cookies valides, expirent dans 187 jours
[DEBUG] Utilisation du compte account3 (3/3)
[DEBUG] Requête POST:
URL: https://p4-padel-indoor.gestion-sports.com/membre/reservation.html
Données: ajax=loadCourtDispo&hour=09:00&date=13/06/2025&idSport=1057
En-têtes: {"User-Agent":"Mozilla/5.0 (Macintosh; Intel Mac OS X 10.15; rv:138.0) Gecko/20100101 Firefox/138.0"...
Compte utilisé: account3
Vérification de l'expiration des cookies pour account1...
account1: Date d'expiration: 2025-12-16T09:05:23.374Z (12/16/2025, 10:05:23 AM)
account1: Date actuelle: 2025-06-13T01:46:03.709Z (6/13/2025, 3:46:03 AM)
account1: Seuil de rafraîchissement: 2025-06-16T01:46:03.709Z (6/16/2025, 3:46:03 AM)
account1: Cookies valides, expirent dans 187 jours
Vérification de l'expiration des cookies pour account2...
account2: Date d'expiration: 2025-12-16T09:05:50.650Z (12/16/2025, 10:05:50 AM)
account2: Date actuelle: 2025-06-13T01:46:03.709Z (6/13/2025, 3:46:03 AM)
account2: Seuil de rafraîchissement: 2025-06-16T01:46:03.709Z (6/16/2025, 3:46:03 AM)
account2: Cookies valides, expirent dans 187 jours
Vérification de l'expiration des cookies pour account3...
account3: Date d'expiration: 2025-12-16T09:06:23.017Z (12/16/2025, 10:06:23 AM)
account3: Date actuelle: 2025-06-13T01:46:03.709Z (6/13/2025, 3:46:03 AM)
account3: Seuil de rafraîchissement: 2025-06-16T01:46:03.709Z (6/16/2025, 3:46:03 AM)
account3: Cookies valides, expirent dans 187 jours
[DEBUG] Utilisation du compte account1 (1/3)
[DEBUG] Requête POST:
URL: https://p4-padel-indoor.gestion-sports.com/membre/reservation.html
Données: ajax=loadCourtDispo&hour=09:30&date=13/06/2025&idSport=1057
En-têtes: {"User-Agent":"Mozilla/5.0 (Macintosh; Intel Mac OS X 10.15; rv:138.0) Gecko/20100101 Firefox/138.0"...
Compte utilisé: account1
Vérification de l'expiration des cookies pour account1...
account1: Date d'expiration: 2025-12-16T09:05:23.374Z (12/16/2025, 10:05:23 AM)
account1: Date actuelle: 2025-06-13T01:46:03.710Z (6/13/2025, 3:46:03 AM)
account1: Seuil de rafraîchissement: 2025-06-16T01:46:03.710Z (6/16/2025, 3:46:03 AM)
account1: Cookies valides, expirent dans 187 jours
Vérification de l'expiration des cookies pour account2...
account2: Date d'expiration: 2025-12-16T09:05:50.650Z (12/16/2025, 10:05:50 AM)
account2: Date actuelle: 2025-06-13T01:46:03.710Z (6/13/2025, 3:46:03 AM)
account2: Seuil de rafraîchissement: 2025-06-16T01:46:03.710Z (6/16/2025, 3:46:03 AM)
account2: Cookies valides, expirent dans 187 jours
Vérification de l'expiration des cookies pour account3...
account3: Date d'expiration: 2025-12-16T09:06:23.017Z (12/16/2025, 10:06:23 AM)
account3: Date actuelle: 2025-06-13T01:46:03.710Z (6/13/2025, 3:46:03 AM)
account3: Seuil de rafraîchissement: 2025-06-16T01:46:03.710Z (6/16/2025, 3:46:03 AM)
account3: Cookies valides, expirent dans 187 jours
[DEBUG] Utilisation du compte account2 (2/3)
[DEBUG] Requête POST:
URL: https://p4-padel-indoor.gestion-sports.com/membre/reservation.html
Données: ajax=loadCourtDispo&hour=10:00&date=13/06/2025&idSport=1057
En-têtes: {"User-Agent":"Mozilla/5.0 (Macintosh; Intel Mac OS X 10.15; rv:138.0) Gecko/20100101 Firefox/138.0"...
Compte utilisé: account2
Vérification de l'expiration des cookies pour account1...
account1: Date d'expiration: 2025-12-16T09:05:23.374Z (12/16/2025, 10:05:23 AM)
account1: Date actuelle: 2025-06-13T01:46:03.711Z (6/13/2025, 3:46:03 AM)
account1: Seuil de rafraîchissement: 2025-06-16T01:46:03.711Z (6/16/2025, 3:46:03 AM)
account1: Cookies valides, expirent dans 187 jours
Vérification de l'expiration des cookies pour account2...
account2: Date d'expiration: 2025-12-16T09:05:50.650Z (12/16/2025, 10:05:50 AM)
account2: Date actuelle: 2025-06-13T01:46:03.711Z (6/13/2025, 3:46:03 AM)
account2: Seuil de rafraîchissement: 2025-06-16T01:46:03.711Z (6/16/2025, 3:46:03 AM)
account2: Cookies valides, expirent dans 187 jours
Vérification de l'expiration des cookies pour account3...
account3: Date d'expiration: 2025-12-16T09:06:23.017Z (12/16/2025, 10:06:23 AM)
account3: Date actuelle: 2025-06-13T01:46:03.711Z (6/13/2025, 3:46:03 AM)
account3: Seuil de rafraîchissement: 2025-06-16T01:46:03.711Z (6/16/2025, 3:46:03 AM)
account3: Cookies valides, expirent dans 187 jours
[DEBUG] Utilisation du compte account3 (3/3)
[DEBUG] Requête POST:
URL: https://p4-padel-indoor.gestion-sports.com/membre/reservation.html
Données: ajax=loadCourtDispo&hour=10:30&date=13/06/2025&idSport=1057
En-têtes: {"User-Agent":"Mozilla/5.0 (Macintosh; Intel Mac OS X 10.15; rv:138.0) Gecko/20100101 Firefox/138.0"...
Compte utilisé: account3
Vérification de l'expiration des cookies pour account1...
account1: Date d'expiration: 2025-12-16T09:05:23.374Z (12/16/2025, 10:05:23 AM)
account1: Date actuelle: 2025-06-13T01:46:03.712Z (6/13/2025, 3:46:03 AM)
account1: Seuil de rafraîchissement: 2025-06-16T01:46:03.712Z (6/16/2025, 3:46:03 AM)
account1: Cookies valides, expirent dans 187 jours
Vérification de l'expiration des cookies pour account2...
account2: Date d'expiration: 2025-12-16T09:05:50.650Z (12/16/2025, 10:05:50 AM)
account2: Date actuelle: 2025-06-13T01:46:03.712Z (6/13/2025, 3:46:03 AM)
account2: Seuil de rafraîchissement: 2025-06-16T01:46:03.712Z (6/16/2025, 3:46:03 AM)
account2: Cookies valides, expirent dans 187 jours
Vérification de l'expiration des cookies pour account3...
account3: Date d'expiration: 2025-12-16T09:06:23.017Z (12/16/2025, 10:06:23 AM)
account3: Date actuelle: 2025-06-13T01:46:03.712Z (6/13/2025, 3:46:03 AM)
account3: Seuil de rafraîchissement: 2025-06-16T01:46:03.712Z (6/16/2025, 3:46:03 AM)
account3: Cookies valides, expirent dans 187 jours
[DEBUG] Utilisation du compte account1 (1/3)
[DEBUG] Requête POST:
URL: https://p4-padel-indoor.gestion-sports.com/membre/reservation.html
Données: ajax=loadCourtDispo&hour=11:00&date=13/06/2025&idSport=1057
En-têtes: {"User-Agent":"Mozilla/5.0 (Macintosh; Intel Mac OS X 10.15; rv:138.0) Gecko/20100101 Firefox/138.0"...
Compte utilisé: account1
Vérification de l'expiration des cookies pour account1...
account1: Date d'expiration: 2025-12-16T09:05:23.374Z (12/16/2025, 10:05:23 AM)
account1: Date actuelle: 2025-06-13T01:46:03.712Z (6/13/2025, 3:46:03 AM)
account1: Seuil de rafraîchissement: 2025-06-16T01:46:03.712Z (6/16/2025, 3:46:03 AM)
account1: Cookies valides, expirent dans 187 jours
Vérification de l'expiration des cookies pour account2...
account2: Date d'expiration: 2025-12-16T09:05:50.650Z (12/16/2025, 10:05:50 AM)
account2: Date actuelle: 2025-06-13T01:46:03.713Z (6/13/2025, 3:46:03 AM)
account2: Seuil de rafraîchissement: 2025-06-16T01:46:03.713Z (6/16/2025, 3:46:03 AM)
account2: Cookies valides, expirent dans 187 jours
Vérification de l'expiration des cookies pour account3...
account3: Date d'expiration: 2025-12-16T09:06:23.017Z (12/16/2025, 10:06:23 AM)
account3: Date actuelle: 2025-06-13T01:46:03.713Z (6/13/2025, 3:46:03 AM)
account3: Seuil de rafraîchissement: 2025-06-16T01:46:03.713Z (6/16/2025, 3:46:03 AM)
account3: Cookies valides, expirent dans 187 jours
[DEBUG] Utilisation du compte account2 (2/3)
[DEBUG] Requête POST:
URL: https://p4-padel-indoor.gestion-sports.com/membre/reservation.html
Données: ajax=loadCourtDispo&hour=11:30&date=13/06/2025&idSport=1057
En-têtes: {"User-Agent":"Mozilla/5.0 (Macintosh; Intel Mac OS X 10.15; rv:138.0) Gecko/20100101 Firefox/138.0"...
Compte utilisé: account2
Vérification de l'expiration des cookies pour account1...
account1: Date d'expiration: 2025-12-16T09:05:23.374Z (12/16/2025, 10:05:23 AM)
account1: Date actuelle: 2025-06-13T01:46:03.713Z (6/13/2025, 3:46:03 AM)
account1: Seuil de rafraîchissement: 2025-06-16T01:46:03.713Z (6/16/2025, 3:46:03 AM)
account1: Cookies valides, expirent dans 187 jours
Vérification de l'expiration des cookies pour account2...
account2: Date d'expiration: 2025-12-16T09:05:50.650Z (12/16/2025, 10:05:50 AM)
account2: Date actuelle: 2025-06-13T01:46:03.713Z (6/13/2025, 3:46:03 AM)
account2: Seuil de rafraîchissement: 2025-06-16T01:46:03.713Z (6/16/2025, 3:46:03 AM)
account2: Cookies valides, expirent dans 187 jours
Vérification de l'expiration des cookies pour account3...
account3: Date d'expiration: 2025-12-16T09:06:23.017Z (12/16/2025, 10:06:23 AM)
account3: Date actuelle: 2025-06-13T01:46:03.713Z (6/13/2025, 3:46:03 AM)
account3: Seuil de rafraîchissement: 2025-06-16T01:46:03.713Z (6/16/2025, 3:46:03 AM)
account3: Cookies valides, expirent dans 187 jours
[DEBUG] Utilisation du compte account3 (3/3)
[DEBUG] Requête POST:
URL: https://p4-padel-indoor.gestion-sports.com/membre/reservation.html
Données: ajax=loadCourtDispo&hour=12:00&date=13/06/2025&idSport=1057
En-têtes: {"User-Agent":"Mozilla/5.0 (Macintosh; Intel Mac OS X 10.15; rv:138.0) Gecko/20100101 Firefox/138.0"...
Compte utilisé: account3
Vérification de l'expiration des cookies pour account1...
account1: Date d'expiration: 2025-12-16T09:05:23.374Z (12/16/2025, 10:05:23 AM)
account1: Date actuelle: 2025-06-13T01:46:03.714Z (6/13/2025, 3:46:03 AM)
account1: Seuil de rafraîchissement: 2025-06-16T01:46:03.714Z (6/16/2025, 3:46:03 AM)
account1: Cookies valides, expirent dans 187 jours
Vérification de l'expiration des cookies pour account2...
account2: Date d'expiration: 2025-12-16T09:05:50.650Z (12/16/2025, 10:05:50 AM)
account2: Date actuelle: 2025-06-13T01:46:03.714Z (6/13/2025, 3:46:03 AM)
account2: Seuil de rafraîchissement: 2025-06-16T01:46:03.714Z (6/16/2025, 3:46:03 AM)
account2: Cookies valides, expirent dans 187 jours
Vérification de l'expiration des cookies pour account3...
account3: Date d'expiration: 2025-12-16T09:06:23.017Z (12/16/2025, 10:06:23 AM)
account3: Date actuelle: 2025-06-13T01:46:03.714Z (6/13/2025, 3:46:03 AM)
account3: Seuil de rafraîchissement: 2025-06-16T01:46:03.714Z (6/16/2025, 3:46:03 AM)
account3: Cookies valides, expirent dans 187 jours
[DEBUG] Utilisation du compte account1 (1/3)
[DEBUG] Requête POST:
URL: https://p4-padel-indoor.gestion-sports.com/membre/reservation.html
Données: ajax=loadCourtDispo&hour=12:30&date=13/06/2025&idSport=1057
En-têtes: {"User-Agent":"Mozilla/5.0 (Macintosh; Intel Mac OS X 10.15; rv:138.0) Gecko/20100101 Firefox/138.0"...
Compte utilisé: account1
Vérification de l'expiration des cookies pour account1...
account1: Date d'expiration: 2025-12-16T09:05:23.374Z (12/16/2025, 10:05:23 AM)
account1: Date actuelle: 2025-06-13T01:46:03.715Z (6/13/2025, 3:46:03 AM)
account1: Seuil de rafraîchissement: 2025-06-16T01:46:03.715Z (6/16/2025, 3:46:03 AM)
account1: Cookies valides, expirent dans 187 jours
Vérification de l'expiration des cookies pour account2...
account2: Date d'expiration: 2025-12-16T09:05:50.650Z (12/16/2025, 10:05:50 AM)
account2: Date actuelle: 2025-06-13T01:46:03.715Z (6/13/2025, 3:46:03 AM)
account2: Seuil de rafraîchissement: 2025-06-16T01:46:03.715Z (6/16/2025, 3:46:03 AM)
account2: Cookies valides, expirent dans 187 jours
Vérification de l'expiration des cookies pour account3...
account3: Date d'expiration: 2025-12-16T09:06:23.017Z (12/16/2025, 10:06:23 AM)
account3: Date actuelle: 2025-06-13T01:46:03.715Z (6/13/2025, 3:46:03 AM)
account3: Seuil de rafraîchissement: 2025-06-16T01:46:03.715Z (6/16/2025, 3:46:03 AM)
account3: Cookies valides, expirent dans 187 jours
[DEBUG] Utilisation du compte account2 (2/3)
[DEBUG] Requête POST:
URL: https://p4-padel-indoor.gestion-sports.com/membre/reservation.html
Données: ajax=loadCourtDispo&hour=13:00&date=13/06/2025&idSport=1057
En-têtes: {"User-Agent":"Mozilla/5.0 (Macintosh; Intel Mac OS X 10.15; rv:138.0) Gecko/20100101 Firefox/138.0"...
Compte utilisé: account2
Vérification de l'expiration des cookies pour account1...
account1: Date d'expiration: 2025-12-16T09:05:23.374Z (12/16/2025, 10:05:23 AM)
account1: Date actuelle: 2025-06-13T01:46:03.716Z (6/13/2025, 3:46:03 AM)
account1: Seuil de rafraîchissement: 2025-06-16T01:46:03.716Z (6/16/2025, 3:46:03 AM)
account1: Cookies valides, expirent dans 187 jours
Vérification de l'expiration des cookies pour account2...
account2: Date d'expiration: 2025-12-16T09:05:50.650Z (12/16/2025, 10:05:50 AM)
account2: Date actuelle: 2025-06-13T01:46:03.716Z (6/13/2025, 3:46:03 AM)
account2: Seuil de rafraîchissement: 2025-06-16T01:46:03.716Z (6/16/2025, 3:46:03 AM)
account2: Cookies valides, expirent dans 187 jours
Vérification de l'expiration des cookies pour account3...
account3: Date d'expiration: 2025-12-16T09:06:23.017Z (12/16/2025, 10:06:23 AM)
account3: Date actuelle: 2025-06-13T01:46:03.716Z (6/13/2025, 3:46:03 AM)
account3: Seuil de rafraîchissement: 2025-06-16T01:46:03.716Z (6/16/2025, 3:46:03 AM)
account3: Cookies valides, expirent dans 187 jours
[DEBUG] Utilisation du compte account3 (3/3)
[DEBUG] Requête POST:
URL: https://p4-padel-indoor.gestion-sports.com/membre/reservation.html
Données: ajax=loadCourtDispo&hour=13:30&date=13/06/2025&idSport=1057
En-têtes: {"User-Agent":"Mozilla/5.0 (Macintosh; Intel Mac OS X 10.15; rv:138.0) Gecko/20100101 Firefox/138.0"...
Compte utilisé: account3
Vérification de l'expiration des cookies pour account1...
account1: Date d'expiration: 2025-12-16T09:05:23.374Z (12/16/2025, 10:05:23 AM)
account1: Date actuelle: 2025-06-13T01:46:03.716Z (6/13/2025, 3:46:03 AM)
account1: Seuil de rafraîchissement: 2025-06-16T01:46:03.716Z (6/16/2025, 3:46:03 AM)
account1: Cookies valides, expirent dans 187 jours
Vérification de l'expiration des cookies pour account2...
account2: Date d'expiration: 2025-12-16T09:05:50.650Z (12/16/2025, 10:05:50 AM)
account2: Date actuelle: 2025-06-13T01:46:03.716Z (6/13/2025, 3:46:03 AM)
account2: Seuil de rafraîchissement: 2025-06-16T01:46:03.716Z (6/16/2025, 3:46:03 AM)
account2: Cookies valides, expirent dans 187 jours
Vérification de l'expiration des cookies pour account3...
account3: Date d'expiration: 2025-12-16T09:06:23.017Z (12/16/2025, 10:06:23 AM)
account3: Date actuelle: 2025-06-13T01:46:03.716Z (6/13/2025, 3:46:03 AM)
account3: Seuil de rafraîchissement: 2025-06-16T01:46:03.716Z (6/16/2025, 3:46:03 AM)
account3: Cookies valides, expirent dans 187 jours
[DEBUG] Utilisation du compte account1 (1/3)
[DEBUG] Requête POST:
URL: https://p4-padel-indoor.gestion-sports.com/membre/reservation.html
Données: ajax=loadCourtDispo&hour=14:00&date=13/06/2025&idSport=1057
En-têtes: {"User-Agent":"Mozilla/5.0 (Macintosh; Intel Mac OS X 10.15; rv:138.0) Gecko/20100101 Firefox/138.0"...
Compte utilisé: account1
Vérification de l'expiration des cookies pour account1...
account1: Date d'expiration: 2025-12-16T09:05:23.374Z (12/16/2025, 10:05:23 AM)
account1: Date actuelle: 2025-06-13T01:46:03.717Z (6/13/2025, 3:46:03 AM)
account1: Seuil de rafraîchissement: 2025-06-16T01:46:03.717Z (6/16/2025, 3:46:03 AM)
account1: Cookies valides, expirent dans 187 jours
Vérification de l'expiration des cookies pour account2...
account2: Date d'expiration: 2025-12-16T09:05:50.650Z (12/16/2025, 10:05:50 AM)
account2: Date actuelle: 2025-06-13T01:46:03.717Z (6/13/2025, 3:46:03 AM)
account2: Seuil de rafraîchissement: 2025-06-16T01:46:03.717Z (6/16/2025, 3:46:03 AM)
account2: Cookies valides, expirent dans 187 jours
Vérification de l'expiration des cookies pour account3...
account3: Date d'expiration: 2025-12-16T09:06:23.017Z (12/16/2025, 10:06:23 AM)
account3: Date actuelle: 2025-06-13T01:46:03.717Z (6/13/2025, 3:46:03 AM)
account3: Seuil de rafraîchissement: 2025-06-16T01:46:03.717Z (6/16/2025, 3:46:03 AM)
account3: Cookies valides, expirent dans 187 jours
[DEBUG] Utilisation du compte account2 (2/3)
[DEBUG] Requête POST:
URL: https://p4-padel-indoor.gestion-sports.com/membre/reservation.html
Données: ajax=loadCourtDispo&hour=14:30&date=13/06/2025&idSport=1057
En-têtes: {"User-Agent":"Mozilla/5.0 (Macintosh; Intel Mac OS X 10.15; rv:138.0) Gecko/20100101 Firefox/138.0"...
Compte utilisé: account2
Vérification de l'expiration des cookies pour account1...
account1: Date d'expiration: 2025-12-16T09:05:23.374Z (12/16/2025, 10:05:23 AM)
account1: Date actuelle: 2025-06-13T01:46:03.717Z (6/13/2025, 3:46:03 AM)
account1: Seuil de rafraîchissement: 2025-06-16T01:46:03.717Z (6/16/2025, 3:46:03 AM)
account1: Cookies valides, expirent dans 187 jours
Vérification de l'expiration des cookies pour account2...
account2: Date d'expiration: 2025-12-16T09:05:50.650Z (12/16/2025, 10:05:50 AM)
account2: Date actuelle: 2025-06-13T01:46:03.717Z (6/13/2025, 3:46:03 AM)
account2: Seuil de rafraîchissement: 2025-06-16T01:46:03.717Z (6/16/2025, 3:46:03 AM)
account2: Cookies valides, expirent dans 187 jours
Vérification de l'expiration des cookies pour account3...
account3: Date d'expiration: 2025-12-16T09:06:23.017Z (12/16/2025, 10:06:23 AM)
account3: Date actuelle: 2025-06-13T01:46:03.717Z (6/13/2025, 3:46:03 AM)
account3: Seuil de rafraîchissement: 2025-06-16T01:46:03.717Z (6/16/2025, 3:46:03 AM)
account3: Cookies valides, expirent dans 187 jours
[DEBUG] Utilisation du compte account3 (3/3)
[DEBUG] Requête POST:
URL: https://p4-padel-indoor.gestion-sports.com/membre/reservation.html
Données: ajax=loadCourtDispo&hour=15:00&date=13/06/2025&idSport=1057
En-têtes: {"User-Agent":"Mozilla/5.0 (Macintosh; Intel Mac OS X 10.15; rv:138.0) Gecko/20100101 Firefox/138.0"...
Compte utilisé: account3
[DEBUG] Attente de la fin de 15 requêtes parallèles...
Recherche de créneaux pour Enjoy Padel...
Recherche de créneaux pour Enjoy Padel à la date 2025-06-13...
[ENJOY PADEL] Recherche de créneaux pour 2025-06-13 à partir de 00:00
Recherche de créneaux pour Padel Gentle...
Recherche de créneaux pour Padel Gentle à la date 2025-06-13...
[CACHE PadelGentle] 📊 État actuel: 0 entrées en cache
[PADEL GENTLE] Recherche de créneaux pour 2025-06-13 à partir de 7:00
[CACHE MonkeyPadel] 📊 État actuel: 0 entrées en cache
Récupération des créneaux pour 13/06/2025 (version optimisée)
Module ComplexePadel initialisé avec succès
Recherche de créneaux pour ComplexePadel à la date 13/06/2025...
Récupération des créneaux uniquement pour le 13/06/2025
Recherche parallèle des créneaux pour 5 terrains...
[PADEL GENTLE] Extrait du HTML:
<div class="reservation-container-wrapper reservation-density-75">
    <div id="reservation-toolbar" class="reservation-toolbar swipe-navigation-container" style="margin: 0;"><div class="hero-buttons pull-left btn-toolbar reserv-toolbar-buttons"><div class="reservation-paginator text-center"><a href="#date=-1" data-date="-1" class="btn btn-previous btn-neutral text-large btn-no-animation disabled reserv-toolbar-btn" title="Jour précédent" data-container="#reservation-toolbar" data-placement="bot...
[PADEL GENTLE] Contient 'schedule-container': true
[PADEL GENTLE] Contient 'slot-free': true
[PADEL GENTLE] Contient 'schedule-slot': false
[PADEL GENTLE] Contient 'slot-busy': false
[PADEL GENTLE] Contient 'slot-disabled': false
[PADEL GENTLE] Nombre de conteneurs de planning trouvés: 3
[PADEL GENTLE] Terrain COURT N°1: 5 créneaux avec 'a.slot-free'
[PADEL GENTLE] Terrain COURT N°1: 0 colonnes trouvées
[PADEL GENTLE] Premier créneau - Attributs:
[PADEL GENTLE] - data-time: undefined
[PADEL GENTLE] - data-date: 0
[PADEL GENTLE] - data-court: undefined
[PADEL GENTLE] - data-column: undefined
[PADEL GENTLE] - class: slot slot-today slot-free slot-free-full bj_0d61ee50c386588d
[PADEL GENTLE] - HTML: <a class="slot slot-today slot-free slot-free-full bj_0d61ee50c386588d" data-date="0" data-schedule="68213" data-timestart="555" data-duration="90"><div class="slot-free-text"><i class="icon-plus"></i...
[PADEL GENTLE] Créneau trouvé: 09h45 pour COURT N°1
[PADEL GENTLE] 09h45 >= 7:00 ? OUI
[PADEL GENTLE] Créneau trouvé: 10h45 pour COURT N°1
[PADEL GENTLE] 10h45 >= 7:00 ? OUI
[PADEL GENTLE] Créneau trouvé: 12h15 pour COURT N°1
[PADEL GENTLE] 12h15 >= 7:00 ? OUI
[PADEL GENTLE] Créneau trouvé: 14h15 pour COURT N°1
[PADEL GENTLE] 14h15 >= 7:00 ? OUI
[PADEL GENTLE] Créneau trouvé: 15h45 pour COURT N°1
[PADEL GENTLE] 15h45 >= 7:00 ? OUI
[PADEL GENTLE] Terrain COURT N°2: 5 créneaux avec 'a.slot-free'
[PADEL GENTLE] Terrain COURT N°2: 0 colonnes trouvées
[PADEL GENTLE] Premier créneau - Attributs:
[PADEL GENTLE] - data-time: undefined
[PADEL GENTLE] - data-date: 0
[PADEL GENTLE] - data-court: undefined
[PADEL GENTLE] - data-column: undefined
[PADEL GENTLE] - class: slot slot-today slot-free slot-free-full bj_0d61ee50c386588d
[PADEL GENTLE] - HTML: <a class="slot slot-today slot-free slot-free-full bj_0d61ee50c386588d" data-date="0" data-schedule="68214" data-timestart="555" data-duration="90"><div class="slot-free-text"><i class="icon-plus"></i...
[PADEL GENTLE] Créneau trouvé: 09h45 pour COURT N°2
[PADEL GENTLE] 09h45 >= 7:00 ? OUI
[PADEL GENTLE] Créneau trouvé: 10h45 pour COURT N°2
[PADEL GENTLE] 10h45 >= 7:00 ? OUI
[PADEL GENTLE] Créneau trouvé: 12h15 pour COURT N°2
[PADEL GENTLE] 12h15 >= 7:00 ? OUI
[PADEL GENTLE] Créneau trouvé: 14h15 pour COURT N°2
[PADEL GENTLE] 14h15 >= 7:00 ? OUI
[PADEL GENTLE] Créneau trouvé: 15h45 pour COURT N°2
[PADEL GENTLE] 15h45 >= 7:00 ? OUI
[PADEL GENTLE] Terrain COURT N°3: 4 créneaux avec 'a.slot-free'
[PADEL GENTLE] Terrain COURT N°3: 0 colonnes trouvées
[PADEL GENTLE] Premier créneau - Attributs:
[PADEL GENTLE] - data-time: undefined
[PADEL GENTLE] - data-date: 0
[PADEL GENTLE] - data-court: undefined
[PADEL GENTLE] - data-column: undefined
[PADEL GENTLE] - class: slot slot-today slot-free slot-free-full bj_0d61ee50c386588d
[PADEL GENTLE] - HTML: <a class="slot slot-today slot-free slot-free-full bj_0d61ee50c386588d" data-date="0" data-schedule="68215" data-timestart="555" data-duration="90"><div class="slot-free-text"><i class="icon-plus"></i...
[PADEL GENTLE] Créneau trouvé: 09h45 pour COURT N°3
[PADEL GENTLE] 09h45 >= 7:00 ? OUI
[PADEL GENTLE] Créneau trouvé: 10h45 pour COURT N°3
[PADEL GENTLE] 10h45 >= 7:00 ? OUI
[PADEL GENTLE] Créneau trouvé: 12h15 pour COURT N°3
[PADEL GENTLE] 12h15 >= 7:00 ? OUI
[PADEL GENTLE] Créneau trouvé: 15h45 pour COURT N°3
[PADEL GENTLE] 15h45 >= 7:00 ? OUI
[PADEL GENTLE] 14 créneaux trouvés pour 2025-06-13
[PADEL GENTLE] Liens de réservation ajoutés aux 14 créneaux
[PADEL GENTLE] Exemple de lien de réservation: https://openresa.com/club/padel-gentle
[CACHE PadelGentle] 📝 Mise en cache de 14 créneaux pour 2025-06-13_7:00
Padel Gentle: 14 créneaux trouvés
14 créneaux trouvés pour Padel Gentle
[DEBUG] Réponse reçue (status: 200)
[DEBUG] Réponse HTML reçue pour 09:30 - Problème d'authentification
[DEBUG] Les cookies du compte account1 semblent expirés ou invalides
[DEBUG] Requête pour 09:30 terminée
[DEBUG] Réponse reçue (status: 200)
[DEBUG] Réponse HTML reçue pour 10:00 - Problème d'authentification
[DEBUG] Les cookies du compte account2 semblent expirés ou invalides
[DEBUG] Requête pour 10:00 terminée
[DEBUG] Réponse reçue (status: 200)
[DEBUG] Réponse HTML reçue pour 09:00 - Problème d'authentification
[DEBUG] Les cookies du compte account3 semblent expirés ou invalides
[DEBUG] Requête pour 09:00 terminée
[ENJOY PADEL] 23 créneaux trouvés pour 2025-06-13
[CACHE] Mise en cache pour 2025-06-13_00:00: 23 créneaux
Enjoy Padel: 23 créneaux trouvés
23 créneaux trouvés pour Enjoy Padel
[DEBUG] 15 requêtes parallèles terminées en 3.036s
[DEBUG] Traitement des réponses...
[ALERTE] 3/15 requêtes ont échoué avec des erreurs d'authentification
Les cookies semblent expirés ou invalides. Essayez de les rafraîchir.
[DEBUG] Erreur pour heure inconnue: Timeout pour 08:00
[DEBUG] Erreur pour heure inconnue: Timeout pour 08:30
[DEBUG] Erreur pour 09:00: auth_error
[DEBUG] Erreur pour 09:30: auth_error
[DEBUG] Erreur pour 10:00: auth_error
[DEBUG] Erreur pour heure inconnue: Timeout pour 10:30
[DEBUG] Erreur pour heure inconnue: Timeout pour 11:00
[DEBUG] Erreur pour heure inconnue: Timeout pour 11:30
[DEBUG] Erreur pour heure inconnue: Timeout pour 12:00
[DEBUG] Erreur pour heure inconnue: Timeout pour 12:30
[DEBUG] Erreur pour heure inconnue: Timeout pour 13:00
[DEBUG] Erreur pour heure inconnue: Timeout pour 13:30
[DEBUG] Erreur pour heure inconnue: Timeout pour 14:00
[DEBUG] Erreur pour heure inconnue: Timeout pour 14:30
[DEBUG] Erreur pour heure inconnue: Timeout pour 15:00
Filtrage final: 0/0 créneaux dans la plage de 8h à 15h
[CACHE] 📝 Mise en cache de 0 créneaux pour 2025-06-13_8-15
Total: 0 créneaux disponibles pour 2025-06-13
Temps total: 3.036s
P4 Padel Indoor: 0 créneaux trouvés
0 créneaux trouvés pour P4 Padel Indoor
[DEBUG] Réponse reçue (status: 200)
[DEBUG] Contenu brut de la réponse pour 08:00:
Type de données: string
[DEBUG] Réponse non-JSON:
<!doctype html>
<html lang="en">

<head>

    <title>Home</title>

    


<!------------------  ANALYTICS ------------------>
<!-- Global site tag (gtag.js) - Google Analytics -->
<script async src="https://www.googletagmanager.com/gtag/js?id=UA-69202342-4"></script>
<script>
    window.dataLayer = ...
[DEBUG] Requête pour 08:00 terminée
[DEBUG] Réponse reçue (status: 200)
[DEBUG] Contenu brut de la réponse pour 08:30:
Type de données: string
[DEBUG] Réponse non-JSON:
<!doctype html>
<html lang="en">

<head>

    <title>Home</title>

    


<!------------------  ANALYTICS ------------------>
<!-- Global site tag (gtag.js) - Google Analytics -->
<script async src="https://www.googletagmanager.com/gtag/js?id=UA-69202342-4"></script>
<script>
    window.dataLayer = ...
[DEBUG] Requête pour 08:30 terminée
[DEBUG] Réponse reçue (status: 200)
[DEBUG] Contenu brut de la réponse pour 10:30:
Type de données: string
[DEBUG] Réponse non-JSON:
<!doctype html>
<html lang="en">

<head>

    <title>Home</title>

    


<!------------------  ANALYTICS ------------------>
<!-- Global site tag (gtag.js) - Google Analytics -->
<script async src="https://www.googletagmanager.com/gtag/js?id=UA-69202342-4"></script>
<script>
    window.dataLayer = ...
[DEBUG] Requête pour 10:30 terminée
[DEBUG] Réponse reçue (status: 200)
[DEBUG] Contenu brut de la réponse pour 11:30:
Type de données: string
[DEBUG] Réponse non-JSON:
<!doctype html>
<html lang="en">

<head>

    <title>Home</title>

    


<!------------------  ANALYTICS ------------------>
<!-- Global site tag (gtag.js) - Google Analytics -->
<script async src="https://www.googletagmanager.com/gtag/js?id=UA-69202342-4"></script>
<script>
    window.dataLayer = ...
[DEBUG] Requête pour 11:30 terminée
[DEBUG] Réponse reçue (status: 200)
[DEBUG] Contenu brut de la réponse pour 11:00:
Type de données: string
[DEBUG] Réponse non-JSON:
<!doctype html>
<html lang="en">

<head>

    <title>Home</title>

    


<!------------------  ANALYTICS ------------------>
<!-- Global site tag (gtag.js) - Google Analytics -->
<script async src="https://www.googletagmanager.com/gtag/js?id=UA-69202342-4"></script>
<script>
    window.dataLayer = ...
[DEBUG] Requête pour 11:00 terminée
[DEBUG] Réponse reçue (status: 200)
[DEBUG] Contenu brut de la réponse pour 12:00:
Type de données: string
[DEBUG] Réponse non-JSON:
<!doctype html>
<html lang="en">

<head>

    <title>Home</title>

    


<!------------------  ANALYTICS ------------------>
<!-- Global site tag (gtag.js) - Google Analytics -->
<script async src="https://www.googletagmanager.com/gtag/js?id=UA-69202342-4"></script>
<script>
    window.dataLayer = ...
[DEBUG] Requête pour 12:00 terminée
[DEBUG] Réponse reçue (status: 200)
[DEBUG] Contenu brut de la réponse pour 12:30:
Type de données: string
[DEBUG] Réponse non-JSON:
<!doctype html>
<html lang="en">

<head>

    <title>Home</title>

    


<!------------------  ANALYTICS ------------------>
<!-- Global site tag (gtag.js) - Google Analytics -->
<script async src="https://www.googletagmanager.com/gtag/js?id=UA-69202342-4"></script>
<script>
    window.dataLayer = ...
[DEBUG] Requête pour 12:30 terminée
[DEBUG] Réponse reçue (status: 200)
[DEBUG] Contenu brut de la réponse pour 13:00:
Type de données: string
[DEBUG] Réponse non-JSON:
<!doctype html>
<html lang="en">

<head>

    <title>Home</title>

    


<!------------------  ANALYTICS ------------------>
<!-- Global site tag (gtag.js) - Google Analytics -->
<script async src="https://www.googletagmanager.com/gtag/js?id=UA-69202342-4"></script>
<script>
    window.dataLayer = ...
[DEBUG] Requête pour 13:00 terminée
[DEBUG] Réponse reçue (status: 200)
[DEBUG] Contenu brut de la réponse pour 13:30:
Type de données: string
[DEBUG] Réponse non-JSON:
<!doctype html>
<html lang="en">

<head>

    <title>Home</title>

    


<!------------------  ANALYTICS ------------------>
<!-- Global site tag (gtag.js) - Google Analytics -->
<script async src="https://www.googletagmanager.com/gtag/js?id=UA-69202342-4"></script>
<script>
    window.dataLayer = ...
[DEBUG] Requête pour 13:30 terminée
[CACHE ComplexePadel] 📝 Mise en cache de 22 créneaux pour slots_2025-06-13_2025-06-13_all_30_true
ComplexePadel: 22 créneaux trouvés avant filtrage
ComplexePadel: 22 créneaux après filtrage par heure
22 créneaux trouvés pour Le Complexe Padel
[DEBUG] Réponse reçue (status: 200)
[DEBUG] Contenu brut de la réponse pour 14:00:
Type de données: string
[DEBUG] Réponse non-JSON:
<!doctype html>
<html lang="en">

<head>

    <title>Home</title>

    


<!------------------  ANALYTICS ------------------>
<!-- Global site tag (gtag.js) - Google Analytics -->
<script async src="https://www.googletagmanager.com/gtag/js?id=UA-69202342-4"></script>
<script>
    window.dataLayer = ...
[DEBUG] Requête pour 14:00 terminée
[DEBUG] Réponse reçue (status: 200)
[DEBUG] Contenu brut de la réponse pour 14:30:
Type de données: string
[DEBUG] Réponse non-JSON:
<!doctype html>
<html lang="en">

<head>

    <title>Home</title>

    


<!------------------  ANALYTICS ------------------>
<!-- Global site tag (gtag.js) - Google Analytics -->
<script async src="https://www.googletagmanager.com/gtag/js?id=UA-69202342-4"></script>
<script>
    window.dataLayer = ...
[DEBUG] Requête pour 14:30 terminée
[DEBUG] Réponse reçue (status: 200)
[DEBUG] Contenu brut de la réponse pour 15:00:
Type de données: string
[DEBUG] Réponse non-JSON:
<!doctype html>
<html lang="en">

<head>

    <title>Home</title>

    


<!------------------  ANALYTICS ------------------>
<!-- Global site tag (gtag.js) - Google Analytics -->
<script async src="https://www.googletagmanager.com/gtag/js?id=UA-69202342-4"></script>
<script>
    window.dataLayer = ...
[DEBUG] Requête pour 15:00 terminée
Utilisation directe de 6 cookies du cache
Accès direct à l'URL de réservation: https://openresa.com/reservation/#action=0&date=13/06/2025&group=0&page=0
Créneaux chargés
Créneaux chargés
52 créneaux slot-free-full trouvés
[CACHE MonkeyPadel] 📝 Mise en cache de 52 créneaux pour 2025-06-13
[CACHE MonkeyPadel] 📝 Mise en cache de 52 créneaux pour 2025-06-13_7:00
52 créneaux trouvés pour The Monkey Padel
Total: 111 créneaux disponibles trouvés
